abr 15, 2020 2:41:59 PM PutLabels addSyn
INFORMACIÓN: Nutritional Monitoring: added Synonym Nutritional monitoring
abr 15, 2020 2:41:59 PM PutLabels addSA
INFORMACIÓN: Nutritional Monitoring: added seeAlso: http://purl.bioontology.org/ontology/SNOMEDCT/386374005
abr 15, 2020 2:42:25 PM PutLabels addSyn
INFORMACIÓN: Medical device: added Synonym Medical Device
abr 15, 2020 2:42:25 PM PutLabels addSA
INFORMACIÓN: Medical device: added seeAlso: http://purl.bioontology.org/ontology/STY/T074
abr 15, 2020 2:42:25 PM PutLabels addSyn
INFORMACIÓN: Medical device: added Synonym Medical device origin
abr 15, 2020 2:42:25 PM PutLabels addSA
INFORMACIÓN: Medical device: added seeAlso: http://purl.bioontology.org/ontology/SNOMEDCT/436631000124109
abr 15, 2020 2:42:25 PM PutLabels addSyn
INFORMACIÓN: Medical device: added Synonym Biomedical device
abr 15, 2020 2:42:25 PM PutLabels addSA
INFORMACIÓN: Medical device: added seeAlso: http://purl.bioontology.org/ontology/SNOMEDCT/63653004
abr 15, 2020 2:42:31 PM PutLabels addSyn
INFORMACIÓN: Decision Support Tool: added Synonym Decision support tool
abr 15, 2020 2:42:31 PM PutLabels addSA
INFORMACIÓN: Decision Support Tool: added seeAlso: http://purl.bioontology.org/ontology/SNOMEDCT/459781000124105
abr 15, 2020 2:43:28 PM PutLabels addSyn
INFORMACIÓN: Biomedical equipment: added Synonym Medical equipment
abr 15, 2020 2:43:28 PM PutLabels addSyn
INFORMACIÓN: Biomedical equipment: added Synonym Clinical equipment
abr 15, 2020 2:43:28 PM PutLabels addSyn
INFORMACIÓN: Biomedical equipment: added Synonym Biomedical equipment (physical object)
abr 15, 2020 2:43:28 PM PutLabels addSA
INFORMACIÓN: Biomedical equipment: added seeAlso: http://purl.bioontology.org/ontology/SNOMEDCT/303607000
abr 15, 2020 2:43:29 PM PutLabels addSyn
INFORMACIÓN: Biomedical device: added Synonym Medical device
abr 15, 2020 2:43:29 PM PutLabels addSyn
INFORMACIÓN: Biomedical device: added Synonym Biomedical device (physical object)
abr 15, 2020 2:43:29 PM PutLabels addSyn
INFORMACIÓN: Biomedical device: added Synonym Clinical device
abr 15, 2020 2:43:29 PM PutLabels addSA
INFORMACIÓN: Biomedical device: added seeAlso: http://purl.bioontology.org/ontology/SNOMEDCT/63653004
abr 15, 2020 2:43:58 PM PutLabels addSyn
INFORMACIÓN: Appliance: added Synonym Appliance (physical object)
abr 15, 2020 2:43:58 PM PutLabels addSA
INFORMACIÓN: Appliance: added seeAlso: http://purl.bioontology.org/ontology/SNOMEDCT/334251007
abr 15, 2020 2:44:44 PM PutLabels addSyn
INFORMACIÓN: Gene Therapy: added Synonym Gene therapy
abr 15, 2020 2:44:44 PM PutLabels addSA
INFORMACIÓN: Gene Therapy: added seeAlso: http://purl.bioontology.org/ontology/SNOMEDCT/394613000
abr 15, 2020 2:45:24 PM PutLabels addSyn
INFORMACIÓN: Software: added Synonym Software (physical object)
abr 15, 2020 2:45:24 PM PutLabels addSA
INFORMACIÓN: Software: added seeAlso: http://purl.bioontology.org/ontology/SNOMEDCT/706687001
